<?xml version="1.0" encoding="utf-8"?><testsuites name="pytest tests"><testsuite name="pytest" errors="0" failures="1" skipped="0" tests="10" time="8.374" timestamp="2026-05-29T12:02:01.571975+00:00" hostname="agent-env-0a9694d4-25b6-4b7b-ad49-628b21c01465"><testcase classname="backend.tests.test_agora_aria.TestChatText" name="test_chat_text_success" time="1.976" /><testcase classname="backend.tests.test_agora_aria.TestChatText" name="test_chat_text_empty_returns_400" time="0.107" /><testcase classname="backend.tests.test_agora_aria.TestChatText" name="test_chat_text_session_persists" time="3.706"><failure message="assert 502 == 200&#10; +  where 502 = &lt;Response [502]&gt;.status_code">backend/tests/test_agora_aria.py:55: in test_chat_text_session_persists
    assert r2.status_code == 200
E   assert 502 == 200
E    +  where 502 = &lt;Response [502]&gt;.status_code</failure></testcase><testcase classname="backend.tests.test_agora_aria.TestAgora" name="test_agora_start" time="1.180" /><testcase classname="backend.tests.test_agora_aria.TestAgora" name="test_agora_stop" time="0.439" /><testcase classname="backend.tests.test_agora_aria.TestAgora" name="test_agora_stop_missing_agent_id" time="0.110" /><testcase classname="backend.tests.test_agora_aria.TestExistingEndpoints" name="test_status_post_and_get" time="0.216" /><testcase classname="backend.tests.test_agora_aria.TestExistingEndpoints" name="test_leads_post_and_get" time="0.174" /><testcase classname="backend.tests.test_agora_aria.TestExistingEndpoints" name="test_leads_validation" time="0.103" /><testcase classname="backend.tests.test_agora_aria.TestOldEndpointsRemoved" name="test_chat_with_avatar_is_gone" time="0.110" /></testsuite></testsuites>